-- Found ament_cmake: 2.5.3 (/opt/ros/jazzy/share/ament_cmake/cmake)
-- Found rclcpp: 28.1.6 (/opt/ros/jazzy/share/rclcpp/cmake)
-- Found rosidl_generator_c: 4.6.5 (/opt/ros/jazzy/share/rosidl_generator_c/cmake)
-- Found rosidl_generator_cpp: 4.6.5 (/opt/ros/jazzy/share/rosidl_generator_cpp/cmake)
-- Using all available rosidl_typesupport_c: rosidl_typesupport_fastrtps_c;rosidl_typesupport_introspection_c
-- Using all available rosidl_typesupport_cpp: rosidl_typesupport_fastrtps_cpp;rosidl_typesupport_introspection_cpp
-- Found rmw_implementation_cmake: 7.3.1 (/opt/ros/jazzy/share/rmw_implementation_cmake/cmake)
-- Found rmw_fastrtps_cpp: 8.4.1 (/opt/ros/jazzy/share/rmw_fastrtps_cpp/cmake)
-- Using RMW implementation 'rmw_fastrtps_cpp' as default
-- Found rclpy: 7.1.3 (/opt/ros/jazzy/share/rclpy/cmake)
-- Found geometry_msgs: 5.3.5 (/opt/ros/jazzy/share/geometry_msgs/cmake)
-- Found sensor_msgs: 5.3.5 (/opt/ros/jazzy/share/sensor_msgs/cmake)
-- Found nav_msgs: 5.3.5 (/opt/ros/jazzy/share/nav_msgs/cmake)
-- Found tf2_ros: 0.36.8 (/opt/ros/jazzy/share/tf2_ros/cmake)
-- Found ament_lint_auto: 0.17.1 (/opt/ros/jazzy/share/ament_lint_auto/cmake)
-- Added test 'cppcheck' to perform static code analysis on C / C++ code
-- Configured cppcheck include dirs: /home/eeiww/ud90uhak/bumperbot_ws/src/bumperbot_controller/include
-- Configured cppcheck exclude dirs and/or files: 
-- Added test 'flake8' to check Python code syntax and style conventions
-- Configured 'flake8' exclude dirs and/or files: 
-- Added test 'lint_cmake' to check CMake code style
-- Added test 'pep257' to check Python code against some of the docstring style conventions in PEP 257
-- Added test 'uncrustify' to check C / C++ code style
-- Configured uncrustify additional arguments: 
-- Added test 'xmllint' to check XML markup files
-- Configuring done (1.1s)
-- Generating done (0.1s)
-- Build files have been written to: /home/eeiww/ud90uhak/bumperbot_ws/src/build/bumperbot_controller
[  0%] Built target ament_cmake_python_copy_bumperbot_controller
[ 50%] [32mBuilding CXX object CMakeFiles/simple_controller.dir/src/simple_controller.cpp.o[0m
running egg_info
writing bumperbot_controller.egg-info/PKG-INFO
writing dependency_links to bumperbot_controller.egg-info/dependency_links.txt
writing top-level names to bumperbot_controller.egg-info/top_level.txt
reading manifest file 'bumperbot_controller.egg-info/SOURCES.txt'
writing manifest file 'bumperbot_controller.egg-info/SOURCES.txt'
[ 50%] Built target ament_cmake_python_build_bumperbot_controller_egg
[01m[K/home/eeiww/ud90uhak/bumperbot_ws/src/bumperbot_controller/src/simple_controller.cpp:[m[K In constructor â€˜[01m[KSimpleController::[01;32m[KSimpleController[m[K(const std::string&)[m[Kâ€™:
[01m[K/home/eeiww/ud90uhak/bumperbot_ws/src/bumperbot_controller/src/simple_controller.cpp:10:37:[m[K [01;31m[Kerror: [m[Kclass â€˜[01m[KSimpleController[m[Kâ€™ does not have any field named â€˜[01m[Kleft_wheel_prev_pos_[m[Kâ€™
   10 |                                   , [01;31m[Kleft_wheel_prev_pos_[m[K(0.0)
      |                                     [01;31m[K^~~~~~~~~~~~~~~~~~~~[m[K
[01m[K/home/eeiww/ud90uhak/bumperbot_ws/src/bumperbot_controller/src/simple_controller.cpp:11:37:[m[K [01;31m[Kerror: [m[Kclass â€˜[01m[KSimpleController[m[Kâ€™ does not have any field named â€˜[01m[Kright_wheel_prev_pos_[m[Kâ€™
   11 |                                   , [01;31m[Kright_wheel_prev_pos_[m[K(0.0)
      |                                     [01;31m[K^~~~~~~~~~~~~~~~~~~~~[m[K
[01m[K/home/eeiww/ud90uhak/bumperbot_ws/src/bumperbot_controller/src/simple_controller.cpp:12:37:[m[K [01;31m[Kerror: [m[Kclass â€˜[01m[KSimpleController[m[Kâ€™ does not have any field named â€˜[01m[Kx_[m[Kâ€™
   12 |                                   , [01;31m[Kx_[m[K(0.0)
      |                                     [01;31m[K^~[m[K
[01m[K/home/eeiww/ud90uhak/bumperbot_ws/src/bumperbot_controller/src/simple_controller.cpp:13:37:[m[K [01;31m[Kerror: [m[Kclass â€˜[01m[KSimpleController[m[Kâ€™ does not have any field named â€˜[01m[Ky_[m[Kâ€™
   13 |                                   , [01;31m[Ky_[m[K(0.0)
      |                                     [01;31m[K^~[m[K
[01m[K/home/eeiww/ud90uhak/bumperbot_ws/src/bumperbot_controller/src/simple_controller.cpp:14:37:[m[K [01;31m[Kerror: [m[Kclass â€˜[01m[KSimpleController[m[Kâ€™ does not have any field named â€˜[01m[Ktheta_[m[Kâ€™
   14 |                                   , [01;31m[Ktheta_[m[K(0.0)
      |                                     [01;31m[K^~~~~~[m[K
[01m[K/home/eeiww/ud90uhak/bumperbot_ws/src/bumperbot_controller/src/simple_controller.cpp:28:5:[m[K [01;31m[Kerror: [m[Kâ€˜[01m[Kodom_msg_[m[Kâ€™ was not declared in this scope
   28 |     [01;31m[Kodom_msg_[m[K.header.frame_id = "odom";
      |     [01;31m[K^~~~~~~~~[m[K
[01m[K/home/eeiww/ud90uhak/bumperbot_ws/src/bumperbot_controller/src/simple_controller.cpp:35:5:[m[K [01;31m[Kerror: [m[Kâ€˜[01m[Ktransform_broadcaster_[m[Kâ€™ was not declared in this scope
   35 |     [01;31m[Ktransform_broadcaster_[m[K = std::make_unique<tf2_ros::TransformBroadcaster>(*this);
      |     [01;31m[K^~~~~~~~~~~~~~~~~~~~~~[m[K
[01m[K/home/eeiww/ud90uhak/bumperbot_ws/src/bumperbot_controller/src/simple_controller.cpp:35:47:[m[K [01;31m[Kerror: [m[Kâ€˜[01m[Ktf2_ros[m[Kâ€™ was not declared in this scope
   35 |     transform_broadcaster_ = std::make_unique<[01;31m[Ktf2_ros[m[K::TransformBroadcaster>(*this);
      |                                               [01;31m[K^~~~~~~[m[K
[01m[K/home/eeiww/ud90uhak/bumperbot_ws/src/bumperbot_controller/src/simple_controller.cpp:35:35:[m[K [01;31m[Kerror: [m[Kparse error in template argument list
   35 |     transform_broadcaster_ = std::[01;31m[Kmake_unique<tf2_ros::TransformBroadcaster>[m[K(*this);
      |                                   [01;31m[K^~~~~~~~~~~~~~~~~~~~~~~~~~~~~~~~~~~~~~~~~~[m[K
[01m[K/home/eeiww/ud90uhak/bumperbot_ws/src/bumperbot_controller/src/simple_controller.cpp:35:77:[m[K [01;31m[Kerror: [m[Kno matching function for call to â€˜[01m[Kmake_unique<<expression error> >(SimpleController&)[m[Kâ€™
   35 | _broadcaster_ = [01;31m[Kstd::make_unique<tf2_ros::TransformBroadcaster>(*this)[m[K;
      |                 [01;31m[K~~~~~~~~~~~~~~~~~~~~~~~~~~~~~~~~~~~~~~~~~~~~~~~^~~~~~~[m[K

In file included from [01m[K/usr/include/c++/13/memory:78[m[K,
                 from [01m[K/opt/ros/jazzy/include/rclcpp/rclcpp/rclcpp.hpp:169[m[K,
                 from [01m[K/home/eeiww/ud90uhak/bumperbot_ws/src/bumperbot_controller/include/bumperbot_controller/simple_controller.hpp:4[m[K,
                 from [01m[K/home/eeiww/ud90uhak/bumperbot_ws/src/bumperbot_controller/src/simple_controller.cpp:1[m[K:
[01m[K/usr/include/c++/13/bits/unique_ptr.h:1069:5:[m[K [01;36m[Knote: [m[Kcandidate: â€˜[01m[Ktemplate<class _Tp, class ... _Args> std::__detail::__unique_ptr_t<_Tp> std::[01;32m[Kmake_unique[m[K(_Args&& ...)[m[Kâ€™
 1069 |     [01;36m[Kmake_unique[m[K(_Args&&... __args)
      |     [01;36m[K^~~~~~~~~~~[m[K
[01m[K/usr/include/c++/13/bits/unique_ptr.h:1069:5:[m[K [01;36m[Knote: [m[K  template argument deduction/substitution failed:
[01m[K/home/eeiww/ud90uhak/bumperbot_ws/src/bumperbot_controller/src/simple_controller.cpp:35:77:[m[K [01;31m[Kerror: [m[Ktemplate argument 1 is invalid
   35 | _broadcaster_ = [01;31m[Kstd::make_unique<tf2_ros::TransformBroadcaster>(*this)[m[K;
      |                 [01;31m[K~~~~~~~~~~~~~~~~~~~~~~~~~~~~~~~~~~~~~~~~~~~~~~~^~~~~~~[m[K

[01m[K/usr/include/c++/13/bits/unique_ptr.h:1084:5:[m[K [01;36m[Knote: [m[Kcandidate: â€˜[01m[Ktemplate<class _Tp> std::__detail::__unique_ptr_array_t<_Tp> std::[01;32m[Kmake_unique[m[K(size_t)[m[Kâ€™
 1084 |     [01;36m[Kmake_unique[m[K(size_t __num)
      |     [01;36m[K^~~~~~~~~~~[m[K
[01m[K/usr/include/c++/13/bits/unique_ptr.h:1084:5:[m[K [01;36m[Knote: [m[K  template argument deduction/substitution failed:
[01m[K/home/eeiww/ud90uhak/bumperbot_ws/src/bumperbot_controller/src/simple_controller.cpp:35:77:[m[K [01;31m[Kerror: [m[Ktemplate argument 1 is invalid
   35 | _broadcaster_ = [01;31m[Kstd::make_unique<tf2_ros::TransformBroadcaster>(*this)[m[K;
      |                 [01;31m[K~~~~~~~~~~~~~~~~~~~~~~~~~~~~~~~~~~~~~~~~~~~~~~~^~~~~~~[m[K

[01m[K/usr/include/c++/13/bits/unique_ptr.h:1094:5:[m[K [01;36m[Knote: [m[Kcandidate: â€˜[01m[Ktemplate<class _Tp, class ... _Args> std::__detail::__invalid_make_unique_t<_Tp> std::[01;32m[Kmake_unique[m[K(_Args&& ...)[m[Kâ€™ (deleted)
 1094 |     [01;36m[Kmake_unique[m[K(_Args&&...) = delete;
      |     [01;36m[K^~~~~~~~~~~[m[K
[01m[K/usr/include/c++/13/bits/unique_ptr.h:1094:5:[m[K [01;36m[Knote: [m[K  template argument deduction/substitution failed:
[01m[K/home/eeiww/ud90uhak/bumperbot_ws/src/bumperbot_controller/src/simple_controller.cpp:35:77:[m[K [01;31m[Kerror: [m[Ktemplate argument 1 is invalid
   35 | _broadcaster_ = [01;31m[Kstd::make_unique<tf2_ros::TransformBroadcaster>(*this)[m[K;
      |                 [01;31m[K~~~~~~~~~~~~~~~~~~~~~~~~~~~~~~~~~~~~~~~~~~~~~~~^~~~~~~[m[K

[01m[K/home/eeiww/ud90uhak/bumperbot_ws/src/bumperbot_controller/src/simple_controller.cpp:36:5:[m[K [01;31m[Kerror: [m[Kâ€˜[01m[Ktransform_stamped_[m[Kâ€™ was not declared in this scope
   36 |     [01;31m[Ktransform_stamped_[m[K.header.frame_id = "odom";
      |     [01;31m[K^~~~~~~~~~~~~~~~~~[m[K
[01m[K/home/eeiww/ud90uhak/bumperbot_ws/src/bumperbot_controller/src/simple_controller.cpp:39:5:[m[K [01;31m[Kerror: [m[Kâ€˜[01m[Kprev_time_[m[Kâ€™ was not declared in this scope
   39 |     [01;31m[Kprev_time_[m[K = get_clock()->now();
      |     [01;31m[K^~~~~~~~~~[m[K
[01m[K/home/eeiww/ud90uhak/bumperbot_ws/src/bumperbot_controller/src/simple_controller.cpp:[m[K At global scope:
[01m[K/home/eeiww/ud90uhak/bumperbot_ws/src/bumperbot_controller/src/simple_controller.cpp:56:44:[m[K [01;31m[Kerror: [m[Kâ€˜[01m[Ksensor_msgs[m[Kâ€™ does not name a type
   56 | void SimpleController::jointCallback(const [01;31m[Ksensor_msgs[m[K::msg::JointState &state)
      |                                            [01;31m[K^~~~~~~~~~~[m[K
[01m[K/home/eeiww/ud90uhak/bumperbot_ws/src/bumperbot_controller/src/simple_controller.cpp:56:60:[m[K [01;31m[Kerror: [m[Kexpected unqualified-id before â€˜[01m[K::[m[Kâ€™ token
   56 | void SimpleController::jointCallback(const sensor_msgs::msg[01;31m[K::[m[KJointState &state)
      |                                                            [01;31m[K^~[m[K
[01m[K/home/eeiww/ud90uhak/bumperbot_ws/src/bumperbot_controller/src/simple_controller.cpp:56:60:[m[K [01;31m[Kerror: [m[Kexpected â€˜[01m[K)[m[Kâ€™ before â€˜[01m[K::[m[Kâ€™ token
   56 | void SimpleController::jointCallback[34m[K([m[Kconst sensor_msgs::msg[01;31m[K:[m[K[32m[K:[m[KJointState &state)
      |                                     [34m[K~[m[K                      [01;31m[K^[m[K[32m[K~[m[K
      |                                                            [32m[K)[m[K
[01m[K/home/eeiww/ud90uhak/bumperbot_ws/src/bumperbot_controller/src/simple_controller.cpp:56:60:[m[K [01;31m[Kerror: [m[Kexpected initializer before â€˜[01m[K::[m[Kâ€™ token
   56 | void SimpleController::jointCallback(const sensor_msgs::msg[01;31m[K::[m[KJointState &state)
      |                                                            [01;31m[K^~[m[K
gmake[2]: *** [CMakeFiles/simple_controller.dir/build.make:76: CMakeFiles/simple_controller.dir/src/simple_controller.cpp.o] Error 1
gmake[1]: *** [CMakeFiles/Makefile2:140: CMakeFiles/simple_controller.dir/all] Error 2
gmake: *** [Makefile:146: all] Error 2
