[01m[K/home/eeiww/ud90uhak/bumperbot_ws/src/bumperbot_controller/src/simple_controller.cpp:[m[K In constructor â€˜[01m[KSimpleController::[01;32m[KSimpleController[m[K(const std::string&)[m[Kâ€™:
[01m[K/home/eeiww/ud90uhak/bumperbot_ws/src/bumperbot_controller/src/simple_controller.cpp:10:37:[m[K [01;31m[Kerror: [m[Kclass â€˜[01m[KSimpleController[m[Kâ€™ does not have any field named â€˜[01m[Kleft_wheel_prev_pos_[m[Kâ€™
   10 |                                   , [01;31m[Kleft_wheel_prev_pos_[m[K(0.0)
      |                                     [01;31m[K^~~~~~~~~~~~~~~~~~~~[m[K
[01m[K/home/eeiww/ud90uhak/bumperbot_ws/src/bumperbot_controller/src/simple_controller.cpp:11:37:[m[K [01;31m[Kerror: [m[Kclass â€˜[01m[KSimpleController[m[Kâ€™ does not have any field named â€˜[01m[Kright_wheel_prev_pos_[m[Kâ€™
   11 |                                   , [01;31m[Kright_wheel_prev_pos_[m[K(0.0)
      |                                     [01;31m[K^~~~~~~~~~~~~~~~~~~~~[m[K
[01m[K/home/eeiww/ud90uhak/bumperbot_ws/src/bumperbot_controller/src/simple_controller.cpp:12:37:[m[K [01;31m[Kerror: [m[Kclass â€˜[01m[KSimpleController[m[Kâ€™ does not have any field named â€˜[01m[Kx_[m[Kâ€™
   12 |                                   , [01;31m[Kx_[m[K(0.0)
      |                                     [01;31m[K^~[m[K
[01m[K/home/eeiww/ud90uhak/bumperbot_ws/src/bumperbot_controller/src/simple_controller.cpp:13:37:[m[K [01;31m[Kerror: [m[Kclass â€˜[01m[KSimpleController[m[Kâ€™ does not have any field named â€˜[01m[Ky_[m[Kâ€™
   13 |                                   , [01;31m[Ky_[m[K(0.0)
      |                                     [01;31m[K^~[m[K
[01m[K/home/eeiww/ud90uhak/bumperbot_ws/src/bumperbot_controller/src/simple_controller.cpp:14:37:[m[K [01;31m[Kerror: [m[Kclass â€˜[01m[KSimpleController[m[Kâ€™ does not have any field named â€˜[01m[Ktheta_[m[Kâ€™
   14 |                                   , [01;31m[Ktheta_[m[K(0.0)
      |                                     [01;31m[K^~~~~~[m[K
[01m[K/home/eeiww/ud90uhak/bumperbot_ws/src/bumperbot_controller/src/simple_controller.cpp:28:5:[m[K [01;31m[Kerror: [m[Kâ€˜[01m[Kodom_msg_[m[Kâ€™ was not declared in this scope
   28 |     [01;31m[Kodom_msg_[m[K.header.frame_id = "odom";
      |     [01;31m[K^~~~~~~~~[m[K
[01m[K/home/eeiww/ud90uhak/bumperbot_ws/src/bumperbot_controller/src/simple_controller.cpp:35:5:[m[K [01;31m[Kerror: [m[Kâ€˜[01m[Ktransform_broadcaster_[m[Kâ€™ was not declared in this scope
   35 |     [01;31m[Ktransform_broadcaster_[m[K = std::make_unique<tf2_ros::TransformBroadcaster>(*this);
      |     [01;31m[K^~~~~~~~~~~~~~~~~~~~~~[m[K
[01m[K/home/eeiww/ud90uhak/bumperbot_ws/src/bumperbot_controller/src/simple_controller.cpp:35:47:[m[K [01;31m[Kerror: [m[Kâ€˜[01m[Ktf2_ros[m[Kâ€™ was not declared in this scope
   35 |     transform_broadcaster_ = std::make_unique<[01;31m[Ktf2_ros[m[K::TransformBroadcaster>(*this);
      |                                               [01;31m[K^~~~~~~[m[K
[01m[K/home/eeiww/ud90uhak/bumperbot_ws/src/bumperbot_controller/src/simple_controller.cpp:35:35:[m[K [01;31m[Kerror: [m[Kparse error in template argument list
   35 |     transform_broadcaster_ = std::[01;31m[Kmake_unique<tf2_ros::TransformBroadcaster>[m[K(*this);
      |                                   [01;31m[K^~~~~~~~~~~~~~~~~~~~~~~~~~~~~~~~~~~~~~~~~~[m[K
[01m[K/home/eeiww/ud90uhak/bumperbot_ws/src/bumperbot_controller/src/simple_controller.cpp:35:77:[m[K [01;31m[Kerror: [m[Kno matching function for call to â€˜[01m[Kmake_unique<<expression error> >(SimpleController&)[m[Kâ€™
   35 | _broadcaster_ = [01;31m[Kstd::make_unique<tf2_ros::TransformBroadcaster>(*this)[m[K;
      |                 [01;31m[K~~~~~~~~~~~~~~~~~~~~~~~~~~~~~~~~~~~~~~~~~~~~~~~^~~~~~~[m[K

In file included from [01m[K/usr/include/c++/13/memory:78[m[K,
                 from [01m[K/opt/ros/jazzy/include/rclcpp/rclcpp/rclcpp.hpp:169[m[K,
                 from [01m[K/home/eeiww/ud90uhak/bumperbot_ws/src/bumperbot_controller/include/bumperbot_controller/simple_controller.hpp:4[m[K,
                 from [01m[K/home/eeiww/ud90uhak/bumperbot_ws/src/bumperbot_controller/src/simple_controller.cpp:1[m[K:
[01m[K/usr/include/c++/13/bits/unique_ptr.h:1069:5:[m[K [01;36m[Knote: [m[Kcandidate: â€˜[01m[Ktemplate<class _Tp, class ... _Args> std::__detail::__unique_ptr_t<_Tp> std::[01;32m[Kmake_unique[m[K(_Args&& ...)[m[Kâ€™
 1069 |     [01;36m[Kmake_unique[m[K(_Args&&... __args)
      |     [01;36m[K^~~~~~~~~~~[m[K
[01m[K/usr/include/c++/13/bits/unique_ptr.h:1069:5:[m[K [01;36m[Knote: [m[K  template argument deduction/substitution failed:
[01m[K/home/eeiww/ud90uhak/bumperbot_ws/src/bumperbot_controller/src/simple_controller.cpp:35:77:[m[K [01;31m[Kerror: [m[Ktemplate argument 1 is invalid
   35 | _broadcaster_ = [01;31m[Kstd::make_unique<tf2_ros::TransformBroadcaster>(*this)[m[K;
      |                 [01;31m[K~~~~~~~~~~~~~~~~~~~~~~~~~~~~~~~~~~~~~~~~~~~~~~~^~~~~~~[m[K

[01m[K/usr/include/c++/13/bits/unique_ptr.h:1084:5:[m[K [01;36m[Knote: [m[Kcandidate: â€˜[01m[Ktemplate<class _Tp> std::__detail::__unique_ptr_array_t<_Tp> std::[01;32m[Kmake_unique[m[K(size_t)[m[Kâ€™
 1084 |     [01;36m[Kmake_unique[m[K(size_t __num)
      |     [01;36m[K^~~~~~~~~~~[m[K
[01m[K/usr/include/c++/13/bits/unique_ptr.h:1084:5:[m[K [01;36m[Knote: [m[K  template argument deduction/substitution failed:
[01m[K/home/eeiww/ud90uhak/bumperbot_ws/src/bumperbot_controller/src/simple_controller.cpp:35:77:[m[K [01;31m[Kerror: [m[Ktemplate argument 1 is invalid
   35 | _broadcaster_ = [01;31m[Kstd::make_unique<tf2_ros::TransformBroadcaster>(*this)[m[K;
      |                 [01;31m[K~~~~~~~~~~~~~~~~~~~~~~~~~~~~~~~~~~~~~~~~~~~~~~~^~~~~~~[m[K

[01m[K/usr/include/c++/13/bits/unique_ptr.h:1094:5:[m[K [01;36m[Knote: [m[Kcandidate: â€˜[01m[Ktemplate<class _Tp, class ... _Args> std::__detail::__invalid_make_unique_t<_Tp> std::[01;32m[Kmake_unique[m[K(_Args&& ...)[m[Kâ€™ (deleted)
 1094 |     [01;36m[Kmake_unique[m[K(_Args&&...) = delete;
      |     [01;36m[K^~~~~~~~~~~[m[K
[01m[K/usr/include/c++/13/bits/unique_ptr.h:1094:5:[m[K [01;36m[Knote: [m[K  template argument deduction/substitution failed:
[01m[K/home/eeiww/ud90uhak/bumperbot_ws/src/bumperbot_controller/src/simple_controller.cpp:35:77:[m[K [01;31m[Kerror: [m[Ktemplate argument 1 is invalid
   35 | _broadcaster_ = [01;31m[Kstd::make_unique<tf2_ros::TransformBroadcaster>(*this)[m[K;
      |                 [01;31m[K~~~~~~~~~~~~~~~~~~~~~~~~~~~~~~~~~~~~~~~~~~~~~~~^~~~~~~[m[K

[01m[K/home/eeiww/ud90uhak/bumperbot_ws/src/bumperbot_controller/src/simple_controller.cpp:36:5:[m[K [01;31m[Kerror: [m[Kâ€˜[01m[Ktransform_stamped_[m[Kâ€™ was not declared in this scope
   36 |     [01;31m[Ktransform_stamped_[m[K.header.frame_id = "odom";
      |     [01;31m[K^~~~~~~~~~~~~~~~~~[m[K
[01m[K/home/eeiww/ud90uhak/bumperbot_ws/src/bumperbot_controller/src/simple_controller.cpp:39:5:[m[K [01;31m[Kerror: [m[Kâ€˜[01m[Kprev_time_[m[Kâ€™ was not declared in this scope
   39 |     [01;31m[Kprev_time_[m[K = get_clock()->now();
      |     [01;31m[K^~~~~~~~~~[m[K
[01m[K/home/eeiww/ud90uhak/bumperbot_ws/src/bumperbot_controller/src/simple_controller.cpp:[m[K At global scope:
[01m[K/home/eeiww/ud90uhak/bumperbot_ws/src/bumperbot_controller/src/simple_controller.cpp:56:44:[m[K [01;31m[Kerror: [m[Kâ€˜[01m[Ksensor_msgs[m[Kâ€™ does not name a type
   56 | void SimpleController::jointCallback(const [01;31m[Ksensor_msgs[m[K::msg::JointState &state)
      |                                            [01;31m[K^~~~~~~~~~~[m[K
[01m[K/home/eeiww/ud90uhak/bumperbot_ws/src/bumperbot_controller/src/simple_controller.cpp:56:60:[m[K [01;31m[Kerror: [m[Kexpected unqualified-id before â€˜[01m[K::[m[Kâ€™ token
   56 | void SimpleController::jointCallback(const sensor_msgs::msg[01;31m[K::[m[KJointState &state)
      |                                                            [01;31m[K^~[m[K
[01m[K/home/eeiww/ud90uhak/bumperbot_ws/src/bumperbot_controller/src/simple_controller.cpp:56:60:[m[K [01;31m[Kerror: [m[Kexpected â€˜[01m[K)[m[Kâ€™ before â€˜[01m[K::[m[Kâ€™ token
   56 | void SimpleController::jointCallback[34m[K([m[Kconst sensor_msgs::msg[01;31m[K:[m[K[32m[K:[m[KJointState &state)
      |                                     [34m[K~[m[K                      [01;31m[K^[m[K[32m[K~[m[K
      |                                                            [32m[K)[m[K
[01m[K/home/eeiww/ud90uhak/bumperbot_ws/src/bumperbot_controller/src/simple_controller.cpp:56:60:[m[K [01;31m[Kerror: [m[Kexpected initializer before â€˜[01m[K::[m[Kâ€™ token
   56 | void SimpleController::jointCallback(const sensor_msgs::msg[01;31m[K::[m[KJointState &state)
      |                                                            [01;31m[K^~[m[K
gmake[2]: *** [CMakeFiles/simple_controller.dir/build.make:76: CMakeFiles/simple_controller.dir/src/simple_controller.cpp.o] Error 1
gmake[1]: *** [CMakeFiles/Makefile2:140: CMakeFiles/simple_controller.dir/all] Error 2
gmake: *** [Makefile:146: all] Error 2
