[0.331s] Invoking command in '/home/eeiww/ud90uhak/bumperbot_ws/src/build/bumperbot_controller': CMAKE_PREFIX_PATH=${CMAKE_PREFIX_PATH}:/opt/ros/jazzy DEBUGINFOD_URLS=https://debuginfod.ubuntu.com /usr/bin/cmake --build /home/eeiww/ud90uhak/bumperbot_ws/src/build/bumperbot_controller -- -j8 -l8
[0.426s] [  0%] Built target ament_cmake_python_copy_bumperbot_controller
[0.454s] [ 50%] [32mBuilding CXX object CMakeFiles/simple_controller.dir/src/simple_controller.cpp.o[0m
[0.708s] running egg_info
[0.745s] writing bumperbot_controller.egg-info/PKG-INFO
[0.753s] writing dependency_links to bumperbot_controller.egg-info/dependency_links.txt
[0.755s] writing top-level names to bumperbot_controller.egg-info/top_level.txt
[0.867s] reading manifest file 'bumperbot_controller.egg-info/SOURCES.txt'
[0.870s] writing manifest file 'bumperbot_controller.egg-info/SOURCES.txt'
[0.903s] [ 50%] Built target ament_cmake_python_build_bumperbot_controller_egg
[2.729s] [01m[K/home/eeiww/ud90uhak/bumperbot_ws/src/bumperbot_controller/src/simple_controller.cpp:[m[K In constructor â€˜[01m[KSimpleController::[01;32m[KSimpleController[m[K(const std::string&)[m[Kâ€™:
[2.730s] [01m[K/home/eeiww/ud90uhak/bumperbot_ws/src/bumperbot_controller/src/simple_controller.cpp:10:37:[m[K [01;31m[Kerror: [m[Kclass â€˜[01m[KSimpleController[m[Kâ€™ does not have any field named â€˜[01m[Kleft_wheel_prev_pos_[m[Kâ€™
[2.731s]    10 |                                   , [01;31m[Kleft_wheel_prev_pos_[m[K(0.0)
[2.731s]       |                                     [01;31m[K^~~~~~~~~~~~~~~~~~~~[m[K
[2.731s] [01m[K/home/eeiww/ud90uhak/bumperbot_ws/src/bumperbot_controller/src/simple_controller.cpp:11:37:[m[K [01;31m[Kerror: [m[Kclass â€˜[01m[KSimpleController[m[Kâ€™ does not have any field named â€˜[01m[Kright_wheel_prev_pos_[m[Kâ€™
[2.733s]    11 |                                   , [01;31m[Kright_wheel_prev_pos_[m[K(0.0)
[2.733s]       |                                     [01;31m[K^~~~~~~~~~~~~~~~~~~~~[m[K
[2.733s] [01m[K/home/eeiww/ud90uhak/bumperbot_ws/src/bumperbot_controller/src/simple_controller.cpp:12:37:[m[K [01;31m[Kerror: [m[Kclass â€˜[01m[KSimpleController[m[Kâ€™ does not have any field named â€˜[01m[Kx_[m[Kâ€™
[2.733s]    12 |                                   , [01;31m[Kx_[m[K(0.0)
[2.733s]       |                                     [01;31m[K^~[m[K
[2.733s] [01m[K/home/eeiww/ud90uhak/bumperbot_ws/src/bumperbot_controller/src/simple_controller.cpp:13:37:[m[K [01;31m[Kerror: [m[Kclass â€˜[01m[KSimpleController[m[Kâ€™ does not have any field named â€˜[01m[Ky_[m[Kâ€™
[2.734s]    13 |                                   , [01;31m[Ky_[m[K(0.0)
[2.734s]       |                                     [01;31m[K^~[m[K
[2.734s] [01m[K/home/eeiww/ud90uhak/bumperbot_ws/src/bumperbot_controller/src/simple_controller.cpp:14:37:[m[K [01;31m[Kerror: [m[Kclass â€˜[01m[KSimpleController[m[Kâ€™ does not have any field named â€˜[01m[Ktheta_[m[Kâ€™
[2.734s]    14 |                                   , [01;31m[Ktheta_[m[K(0.0)
[2.734s]       |                                     [01;31m[K^~~~~~[m[K
[2.745s] [01m[K/home/eeiww/ud90uhak/bumperbot_ws/src/bumperbot_controller/src/simple_controller.cpp:28:5:[m[K [01;31m[Kerror: [m[Kâ€˜[01m[Kodom_msg_[m[Kâ€™ was not declared in this scope
[2.746s]    28 |     [01;31m[Kodom_msg_[m[K.header.frame_id = "odom";
[2.747s]       |     [01;31m[K^~~~~~~~~[m[K
[2.757s] [01m[K/home/eeiww/ud90uhak/bumperbot_ws/src/bumperbot_controller/src/simple_controller.cpp:35:5:[m[K [01;31m[Kerror: [m[Kâ€˜[01m[Ktransform_broadcaster_[m[Kâ€™ was not declared in this scope
[2.758s]    35 |     [01;31m[Ktransform_broadcaster_[m[K = std::make_unique<tf2_ros::TransformBroadcaster>(*this);
[2.759s]       |     [01;31m[K^~~~~~~~~~~~~~~~~~~~~~[m[K
[2.764s] [01m[K/home/eeiww/ud90uhak/bumperbot_ws/src/bumperbot_controller/src/simple_controller.cpp:35:47:[m[K [01;31m[Kerror: [m[Kâ€˜[01m[Ktf2_ros[m[Kâ€™ was not declared in this scope
[2.764s]    35 |     transform_broadcaster_ = std::make_unique<[01;31m[Ktf2_ros[m[K::TransformBroadcaster>(*this);
[2.765s]       |                                               [01;31m[K^~~~~~~[m[K
[2.765s] [01m[K/home/eeiww/ud90uhak/bumperbot_ws/src/bumperbot_controller/src/simple_controller.cpp:35:35:[m[K [01;31m[Kerror: [m[Kparse error in template argument list
[2.765s]    35 |     transform_broadcaster_ = std::[01;31m[Kmake_unique<tf2_ros::TransformBroadcaster>[m[K(*this);
[2.765s]       |                                   [01;31m[K^~~~~~~~~~~~~~~~~~~~~~~~~~~~~~~~~~~~~~~~~~[m[K
[2.765s] [01m[K/home/eeiww/ud90uhak/bumperbot_ws/src/bumperbot_controller/src/simple_controller.cpp:35:77:[m[K [01;31m[Kerror: [m[Kno matching function for call to â€˜[01m[Kmake_unique<<expression error> >(SimpleController&)[m[Kâ€™
[2.766s]    35 | _broadcaster_ = [01;31m[Kstd::make_unique<tf2_ros::TransformBroadcaster>(*this)[m[K;
[2.766s]       |                 [01;31m[K~~~~~~~~~~~~~~~~~~~~~~~~~~~~~~~~~~~~~~~~~~~~~~~^~~~~~~[m[K
[2.766s] 
[2.766s] In file included from [01m[K/usr/include/c++/13/memory:78[m[K,
[2.767s]                  from [01m[K/opt/ros/jazzy/include/rclcpp/rclcpp/rclcpp.hpp:169[m[K,
[2.767s]                  from [01m[K/home/eeiww/ud90uhak/bumperbot_ws/src/bumperbot_controller/include/bumperbot_controller/simple_controller.hpp:4[m[K,
[2.767s]                  from [01m[K/home/eeiww/ud90uhak/bumperbot_ws/src/bumperbot_controller/src/simple_controller.cpp:1[m[K:
[2.767s] [01m[K/usr/include/c++/13/bits/unique_ptr.h:1069:5:[m[K [01;36m[Knote: [m[Kcandidate: â€˜[01m[Ktemplate<class _Tp, class ... _Args> std::__detail::__unique_ptr_t<_Tp> std::[01;32m[Kmake_unique[m[K(_Args&& ...)[m[Kâ€™
[2.767s]  1069 |     [01;36m[Kmake_unique[m[K(_Args&&... __args)
[2.768s]       |     [01;36m[K^~~~~~~~~~~[m[K
[2.768s] [01m[K/usr/include/c++/13/bits/unique_ptr.h:1069:5:[m[K [01;36m[Knote: [m[K  template argument deduction/substitution failed:
[2.768s] [01m[K/home/eeiww/ud90uhak/bumperbot_ws/src/bumperbot_controller/src/simple_controller.cpp:35:77:[m[K [01;31m[Kerror: [m[Ktemplate argument 1 is invalid
[2.768s]    35 | _broadcaster_ = [01;31m[Kstd::make_unique<tf2_ros::TransformBroadcaster>(*this)[m[K;
[2.768s]       |                 [01;31m[K~~~~~~~~~~~~~~~~~~~~~~~~~~~~~~~~~~~~~~~~~~~~~~~^~~~~~~[m[K
[2.769s] 
[2.769s] [01m[K/usr/include/c++/13/bits/unique_ptr.h:1084:5:[m[K [01;36m[Knote: [m[Kcandidate: â€˜[01m[Ktemplate<class _Tp> std::__detail::__unique_ptr_array_t<_Tp> std::[01;32m[Kmake_unique[m[K(size_t)[m[Kâ€™
[2.769s]  1084 |     [01;36m[Kmake_unique[m[K(size_t __num)
[2.769s]       |     [01;36m[K^~~~~~~~~~~[m[K
[2.769s] [01m[K/usr/include/c++/13/bits/unique_ptr.h:1084:5:[m[K [01;36m[Knote: [m[K  template argument deduction/substitution failed:
[2.769s] [01m[K/home/eeiww/ud90uhak/bumperbot_ws/src/bumperbot_controller/src/simple_controller.cpp:35:77:[m[K [01;31m[Kerror: [m[Ktemplate argument 1 is invalid
[2.770s]    35 | _broadcaster_ = [01;31m[Kstd::make_unique<tf2_ros::TransformBroadcaster>(*this)[m[K;
[2.770s]       |                 [01;31m[K~~~~~~~~~~~~~~~~~~~~~~~~~~~~~~~~~~~~~~~~~~~~~~~^~~~~~~[m[K
[2.770s] 
[2.770s] [01m[K/usr/include/c++/13/bits/unique_ptr.h:1094:5:[m[K [01;36m[Knote: [m[Kcandidate: â€˜[01m[Ktemplate<class _Tp, class ... _Args> std::__detail::__invalid_make_unique_t<_Tp> std::[01;32m[Kmake_unique[m[K(_Args&& ...)[m[Kâ€™ (deleted)
[2.770s]  1094 |     [01;36m[Kmake_unique[m[K(_Args&&...) = delete;
[2.770s]       |     [01;36m[K^~~~~~~~~~~[m[K
[2.771s] [01m[K/usr/include/c++/13/bits/unique_ptr.h:1094:5:[m[K [01;36m[Knote: [m[K  template argument deduction/substitution failed:
[2.771s] [01m[K/home/eeiww/ud90uhak/bumperbot_ws/src/bumperbot_controller/src/simple_controller.cpp:35:77:[m[K [01;31m[Kerror: [m[Ktemplate argument 1 is invalid
[2.771s]    35 | _broadcaster_ = [01;31m[Kstd::make_unique<tf2_ros::TransformBroadcaster>(*this)[m[K;
[2.771s]       |                 [01;31m[K~~~~~~~~~~~~~~~~~~~~~~~~~~~~~~~~~~~~~~~~~~~~~~~^~~~~~~[m[K
[2.771s] 
[2.775s] [01m[K/home/eeiww/ud90uhak/bumperbot_ws/src/bumperbot_controller/src/simple_controller.cpp:36:5:[m[K [01;31m[Kerror: [m[Kâ€˜[01m[Ktransform_stamped_[m[Kâ€™ was not declared in this scope
[2.776s]    36 |     [01;31m[Ktransform_stamped_[m[K.header.frame_id = "odom";
[2.777s]       |     [01;31m[K^~~~~~~~~~~~~~~~~~[m[K
[2.782s] [01m[K/home/eeiww/ud90uhak/bumperbot_ws/src/bumperbot_controller/src/simple_controller.cpp:39:5:[m[K [01;31m[Kerror: [m[Kâ€˜[01m[Kprev_time_[m[Kâ€™ was not declared in this scope
[2.783s]    39 |     [01;31m[Kprev_time_[m[K = get_clock()->now();
[2.783s]       |     [01;31m[K^~~~~~~~~~[m[K
[2.806s] [01m[K/home/eeiww/ud90uhak/bumperbot_ws/src/bumperbot_controller/src/simple_controller.cpp:[m[K At global scope:
[2.806s] [01m[K/home/eeiww/ud90uhak/bumperbot_ws/src/bumperbot_controller/src/simple_controller.cpp:56:44:[m[K [01;31m[Kerror: [m[Kâ€˜[01m[Ksensor_msgs[m[Kâ€™ does not name a type
[2.806s]    56 | void SimpleController::jointCallback(const [01;31m[Ksensor_msgs[m[K::msg::JointState &state)
[2.806s]       |                                            [01;31m[K^~~~~~~~~~~[m[K
[2.807s] [01m[K/home/eeiww/ud90uhak/bumperbot_ws/src/bumperbot_controller/src/simple_controller.cpp:56:60:[m[K [01;31m[Kerror: [m[Kexpected unqualified-id before â€˜[01m[K::[m[Kâ€™ token
[2.807s]    56 | void SimpleController::jointCallback(const sensor_msgs::msg[01;31m[K::[m[KJointState &state)
[2.807s]       |                                                            [01;31m[K^~[m[K
[2.807s] [01m[K/home/eeiww/ud90uhak/bumperbot_ws/src/bumperbot_controller/src/simple_controller.cpp:56:60:[m[K [01;31m[Kerror: [m[Kexpected â€˜[01m[K)[m[Kâ€™ before â€˜[01m[K::[m[Kâ€™ token
[2.807s]    56 | void SimpleController::jointCallback[34m[K([m[Kconst sensor_msgs::msg[01;31m[K:[m[K[32m[K:[m[KJointState &state)
[2.807s]       |                                     [34m[K~[m[K                      [01;31m[K^[m[K[32m[K~[m[K
[2.807s]       |                                                            [32m[K)[m[K
[2.807s] [01m[K/home/eeiww/ud90uhak/bumperbot_ws/src/bumperbot_controller/src/simple_controller.cpp:56:60:[m[K [01;31m[Kerror: [m[Kexpected initializer before â€˜[01m[K::[m[Kâ€™ token
[2.807s]    56 | void SimpleController::jointCallback(const sensor_msgs::msg[01;31m[K::[m[KJointState &state)
[2.807s]       |                                                            [01;31m[K^~[m[K
[4.650s] gmake[2]: *** [CMakeFiles/simple_controller.dir/build.make:76: CMakeFiles/simple_controller.dir/src/simple_controller.cpp.o] Error 1
[4.651s] gmake[1]: *** [CMakeFiles/Makefile2:140: CMakeFiles/simple_controller.dir/all] Error 2
[4.652s] gmake: *** [Makefile:146: all] Error 2
[4.653s] Invoked command in '/home/eeiww/ud90uhak/bumperbot_ws/src/build/bumperbot_controller' returned '2': CMAKE_PREFIX_PATH=${CMAKE_PREFIX_PATH}:/opt/ros/jazzy DEBUGINFOD_URLS=https://debuginfod.ubuntu.com /usr/bin/cmake --build /home/eeiww/ud90uhak/bumperbot_ws/src/build/bumperbot_controller -- -j8 -l8
